0 info it worked if it ends with ok
1 verbose cli [ '/home/alex/.nvm/versions/node/v6.3.1/bin/node',
1 verbose cli   '/home/alex/.nvm/versions/node/v6.3.1/bin/npm',
1 verbose cli   'start' ]
2 info using npm@3.10.3
3 info using node@v6.3.1
4 verbose run-script [ 'prestart', 'start', 'poststart' ]
5 info lifecycle portfolio_challenge@1.0.0~prestart: portfolio_challenge@1.0.0
6 silly lifecycle portfolio_challenge@1.0.0~prestart: no script for prestart, continuing
7 info lifecycle portfolio_challenge@1.0.0~start: portfolio_challenge@1.0.0
8 verbose lifecycle portfolio_challenge@1.0.0~start: unsafe-perm in lifecycle true
9 verbose lifecycle portfolio_challenge@1.0.0~start: PATH: /home/alex/.nvm/versions/node/v6.3.1/lib/node_modules/npm/bin/node-gyp-bin:/home/alex/Projects/week_3/portfolio_challenge/node_modules/.bin:/home/alex/.nvm/versions/node/v6.3.1/bin:/home/alex/.nvm/versions/node/v6.3.1/bin:/usr/local/bin:/usr/local/sbin:/home/alex/.rvm/gems/ruby-2.3.4/bin:/home/alex/.rvm/gems/ruby-2.3.4@global/bin:/home/alex/.rvm/rubies/ruby-2.3.4/bin:/usr/sbin:/usr/bin:/sbin:/bin:/usr/games:/usr/local/games:/snap/bin:/home/alex/.rvm/bin
10 verbose lifecycle portfolio_challenge@1.0.0~start: CWD: /home/alex/Projects/week_3/portfolio_challenge
11 silly lifecycle portfolio_challenge@1.0.0~start: Args: [ '-c',
11 silly lifecycle   'webpack-dev-server --inline --mode development --open' ]
12 info lifecycle portfolio_challenge@1.0.0~start: Failed to exec start script
13 verbose stack Error: portfolio_challenge@1.0.0 start: `webpack-dev-server --inline --mode development --open`
13 verbose stack spawn ENOENT
13 verbose stack     at ChildProcess.<anonymous> (/home/alex/.nvm/versions/node/v6.3.1/lib/node_modules/npm/lib/utils/spawn.js:33:16)
13 verbose stack     at emitTwo (events.js:106:13)
13 verbose stack     at ChildProcess.emit (events.js:191:7)
13 verbose stack     at maybeClose (internal/child_process.js:852:16)
13 verbose stack     at Process.ChildProcess._handle.onexit (internal/child_process.js:215:5)
14 verbose pkgid portfolio_challenge@1.0.0
15 verbose cwd /home/alex/Projects/week_3/portfolio_challenge
16 error Linux 5.0.0-25-generic
17 error argv "/home/alex/.nvm/versions/node/v6.3.1/bin/node" "/home/alex/.nvm/versions/node/v6.3.1/bin/npm" "start"
18 error node v6.3.1
19 error npm  v3.10.3
20 error file sh
21 error code ELIFECYCLE
22 error errno ENOENT
23 error syscall spawn
24 error portfolio_challenge@1.0.0 start: `webpack-dev-server --inline --mode development --open`
24 error spawn ENOENT
25 error Failed at the portfolio_challenge@1.0.0 start script 'webpack-dev-server --inline --mode development --open'.
25 error Make sure you have the latest version of node.js and npm installed.
25 error If you do, this is most likely a problem with the portfolio_challenge package,
25 error not with npm itself.
25 error Tell the author that this fails on your system:
25 error     webpack-dev-server --inline --mode development --open
25 error You can get information on how to open an issue for this project with:
25 error     npm bugs portfolio_challenge
25 error Or if that isn't available, you can get their info via:
25 error     npm owner ls portfolio_challenge
25 error There is likely additional logging output above.
26 verbose exit [ 1, true ]
